e:\39\39thengine\project\client\x64\debug\client.pch
e:\39\39thengine\project\client\x64\debug\vc142.pdb
e:\39\39thengine\project\client\x64\debug\vc142.idb
e:\39\39thengine\project\client\x64\debug\pch.obj
e:\39\39thengine\project\client\x64\debug\imgui_tables.obj
e:\39\39thengine\project\client\x64\debug\imgui_impl_win32.obj
e:\39\39thengine\project\client\x64\debug\imgui_impl_dx11.obj
e:\39\39thengine\project\client\x64\debug\imgui_draw.obj
e:\39\39thengine\project\client\x64\debug\imgui_demo.obj
e:\39\39thengine\project\client\x64\debug\imgui.obj
e:\39\39thengine\project\client\x64\debug\resinfoui.obj
e:\39\39thengine\project\client\x64\debug\paramui.obj
e:\39\39thengine\project\client\x64\debug\menuui.obj
e:\39\39thengine\project\client\x64\debug\materialui.obj
e:\39\39thengine\project\client\x64\debug\ctoolobjmgr.obj
e:\39\39thengine\project\client\x64\debug\ctestscene.obj
e:\39\39thengine\project\client\x64\debug\componentui.obj
e:\39\39thengine\project\client\x64\debug\collider2dui.obj
e:\39\39thengine\project\client\x64\debug\cimguimgr.obj
e:\39\39thengine\project\client\x64\debug\cgameobjectex.obj
e:\39\39thengine\project\client\x64\debug\ceditorcamscript.obj
e:\39\39thengine\project\client\x64\debug\ccameraex.obj
e:\39\39thengine\project\client\x64\debug\cameraui.obj
e:\39\39thengine\project\client\x64\debug\animationui.obj
e:\39\39thengine\project\client\x64\debug\ui.obj
e:\39\39thengine\project\client\x64\debug\treeui.obj
e:\39\39thengine\project\client\x64\debug\transformui.obj
e:\39\39thengine\project\client\x64\debug\tileselectui.obj
e:\39\39thengine\project\client\x64\debug\tilemapui.obj
e:\39\39thengine\project\client\x64\debug\textureui.obj
e:\39\39thengine\project\client\x64\debug\scriptui.obj
e:\39\39thengine\project\client\x64\debug\sceneoutliner.obj
e:\39\39thengine\project\client\x64\debug\resourceui.obj
e:\39\39thengine\project\client\x64\debug\meshrenderui.obj
e:\39\39thengine\project\client\x64\debug\main.obj
e:\39\39thengine\project\client\x64\debug\listui.obj
e:\39\39thengine\project\client\x64\debug\inspectorui.obj
e:\39\39thengine\project\client\x64\debug\imgui_widgets.obj
e:\39\39thengine\outputfile\bin_debug\client.ilk
e:\39\39thengine\outputfile\bin_debug\client.exe
e:\39\39thengine\outputfile\bin_debug\client.pdb
e:\39\39thengine\project\client\x64\debug\client.res
e:\39\39thengine\project\client\x64\debug\client.tlog\cl.command.1.tlog
e:\39\39thengine\project\client\x64\debug\client.tlog\cl.read.1.tlog
e:\39\39thengine\project\client\x64\debug\client.tlog\cl.write.1.tlog
e:\39\39thengine\project\client\x64\debug\client.tlog\link.command.1.tlog
e:\39\39thengine\project\client\x64\debug\client.tlog\link.read.1.tlog
e:\39\39thengine\project\client\x64\debug\client.tlog\link.write.1.tlog
e:\39\39thengine\project\client\x64\debug\client.tlog\rc.command.1.tlog
e:\39\39thengine\project\client\x64\debug\client.tlog\rc.read.1.tlog
e:\39\39thengine\project\client\x64\debug\client.tlog\rc.write.1.tlog
