e:\39\39thengine\project\engine\engine\x64\debug\engine_debug.pch
e:\39\39thengine\project\engine\engine\x64\debug\engine.pdb
e:\39\39thengine\project\engine\engine\x64\debug\engine.idb
e:\39\39thengine\project\engine\engine\x64\debug\pch.obj
e:\39\39thengine\project\engine\engine\x64\debug\cmeshrender.obj
e:\39\39thengine\project\engine\engine\x64\debug\cmesh.obj
e:\39\39thengine\project\engine\engine\x64\debug\cmaterial.obj
e:\39\39thengine\project\engine\engine\x64\debug\clight2d.obj
e:\39\39thengine\project\engine\engine\x64\debug\clayer.obj
e:\39\39thengine\project\engine\engine\x64\debug\ckeymgr.obj
e:\39\39thengine\project\engine\engine\x64\debug\cgraphicsshader.obj
e:\39\39thengine\project\engine\engine\x64\debug\cgameobject.obj
e:\39\39thengine\project\engine\engine\x64\debug\ceventmgr.obj
e:\39\39thengine\project\engine\engine\x64\debug\centity.obj
e:\39\39thengine\project\engine\engine\x64\debug\cdevice.obj
e:\39\39thengine\project\engine\engine\x64\debug\ccore.obj
e:\39\39thengine\project\engine\engine\x64\debug\cconstbuffer.obj
e:\39\39thengine\project\engine\engine\x64\debug\ccomputeshader.obj
e:\39\39thengine\project\engine\engine\x64\debug\ccomponent.obj
e:\39\39thengine\project\engine\engine\x64\debug\ccollisionmgr.obj
e:\39\39thengine\project\engine\engine\x64\debug\ccollider2d.obj
e:\39\39thengine\project\engine\engine\x64\debug\ccamera.obj
e:\39\39thengine\project\engine\engine\x64\debug\canimator2d.obj
e:\39\39thengine\project\engine\engine\x64\debug\canimation2d.obj
e:\39\39thengine\project\engine\engine\x64\debug\ctilemap.obj
e:\39\39thengine\project\engine\engine\x64\debug\ctexture.obj
e:\39\39thengine\project\engine\engine\x64\debug\ctestshader.obj
e:\39\39thengine\project\engine\engine\x64\debug\cstructuredbuffer.obj
e:\39\39thengine\project\engine\engine\x64\debug\csound.obj
e:\39\39thengine\project\engine\engine\x64\debug\cshader.obj
e:\39\39thengine\project\engine\engine\x64\debug\cscript.obj
e:\39\39thengine\project\engine\engine\x64\debug\cscenemgr.obj
e:\39\39thengine\project\engine\engine\x64\debug\cscenefile.obj
e:\39\39thengine\project\engine\engine\x64\debug\cscene.obj
e:\39\39thengine\project\engine\engine\x64\debug\cresmgr_init.obj
e:\39\39thengine\project\engine\engine\x64\debug\cresmgr.obj
e:\39\39thengine\project\engine\engine\x64\debug\cres.obj
e:\39\39thengine\project\engine\engine\x64\debug\crendermgr_init.obj
e:\39\39thengine\project\engine\engine\x64\debug\crendermgr.obj
e:\39\39thengine\project\engine\engine\x64\debug\crendercomponent.obj
e:\39\39thengine\project\engine\engine\x64\debug\cprefab.obj
e:\39\39thengine\project\engine\engine\x64\debug\cpathmgr.obj
e:\39\39thengine\project\engine\engine\x64\debug\cparticlesystem.obj
e:\39\39thengine\project\engine\engine\x64\debug\cparticleupdateshader.obj
e:\39\39thengine\project\engine\engine\x64\debug\func.obj
e:\39\39thengine\project\engine\engine\x64\debug\extern.obj
e:\39\39thengine\project\engine\engine\x64\debug\engine.obj
e:\39\39thengine\project\engine\engine\x64\debug\ctransform.obj
e:\39\39thengine\project\engine\engine\x64\debug\ctimemgr.obj
e:\39\39thengine\external\library\engine\func.cso
e:\39\39thengine\external\library\engine\engine_debug.lib
e:\39\39thengine\project\engine\engine\x64\debug\engine.tlog\cl.command.1.tlog
e:\39\39thengine\project\engine\engine\x64\debug\engine.tlog\cl.read.1.tlog
e:\39\39thengine\project\engine\engine\x64\debug\engine.tlog\cl.write.1.tlog
e:\39\39thengine\project\engine\engine\x64\debug\engine.tlog\fxc.command.1.tlog
e:\39\39thengine\project\engine\engine\x64\debug\engine.tlog\fxc.read.1.tlog
e:\39\39thengine\project\engine\engine\x64\debug\engine.tlog\fxc.write.1.tlog
e:\39\39thengine\project\engine\engine\x64\debug\engine.tlog\lib-link.read.1.tlog
e:\39\39thengine\project\engine\engine\x64\debug\engine.tlog\lib-link.write.1.tlog
e:\39\39thengine\project\engine\engine\x64\debug\engine.tlog\lib.command.1.tlog
