e:\39\39thengine\project\script\x64\debug\script_debug.pch
e:\39\39thengine\project\script\x64\debug\script.pdb
e:\39\39thengine\project\script\x64\debug\script.idb
e:\39\39thengine\project\script\x64\debug\cbossmonsteruiscript.obj
e:\39\39thengine\project\script\x64\debug\cboss_wolf.obj
e:\39\39thengine\project\script\x64\debug\ccameramovescript.obj
e:\39\39thengine\project\script\x64\debug\ceffectscript.obj
e:\39\39thengine\project\script\x64\debug\cgravity.obj
e:\39\39thengine\project\script\x64\debug\cguardscript.obj
e:\39\39thengine\project\script\x64\debug\cmissilescript.obj
e:\39\39thengine\project\script\x64\debug\cmonsterarrow.obj
e:\39\39thengine\project\script\x64\debug\cmonsterscript.obj
e:\39\39thengine\project\script\x64\debug\cmonster_attack_collider.obj
e:\39\39thengine\project\script\x64\debug\cnotmovescript.obj
e:\39\39thengine\project\script\x64\debug\cparticlescript.obj
e:\39\39thengine\project\script\x64\debug\cplayerarrow.obj
e:\39\39thengine\project\script\x64\debug\cplayerscript.obj
e:\39\39thengine\project\script\x64\debug\cplayer_weapon_collider.obj
e:\39\39thengine\project\script\x64\debug\cscenechangescript.obj
e:\39\39thengine\project\script\x64\debug\cscenesaveload.obj
e:\39\39thengine\project\script\x64\debug\cscenescript_01.obj
e:\39\39thengine\project\script\x64\debug\cscenescript_02.obj
e:\39\39thengine\project\script\x64\debug\cscenescript_03.obj
e:\39\39thengine\project\script\x64\debug\cscenescript_start.obj
e:\39\39thengine\project\script\x64\debug\cscene_boss.obj
e:\39\39thengine\project\script\x64\debug\cscriptmgr.obj
e:\39\39thengine\project\script\x64\debug\cshadowwolfscript.obj
e:\39\39thengine\project\script\x64\debug\cskeleton_archer.obj
e:\39\39thengine\project\script\x64\debug\cskeleton_lizard.obj
e:\39\39thengine\project\script\x64\debug\cstoneeye.obj
e:\39\39thengine\project\script\x64\debug\cwall.obj
e:\39\39thengine\project\script\x64\debug\cwolf.obj
e:\39\39thengine\project\script\x64\debug\cwoodgolem.obj
e:\39\39thengine\project\script\x64\debug\cmonsteruiscript.obj
e:\39\39thengine\project\script\x64\debug\pch.obj
e:\39\39thengine\project\script\x64\debug\cplayeruiscript.obj
e:\39\39thengine\project\script\x64\debug\script.obj
e:\39\39thengine\external\library\script\script_debug.lib
e:\39\39thengine\project\script\x64\debug\script.tlog\cl.command.1.tlog
e:\39\39thengine\project\script\x64\debug\script.tlog\cl.read.1.tlog
e:\39\39thengine\project\script\x64\debug\script.tlog\cl.write.1.tlog
e:\39\39thengine\project\script\x64\debug\script.tlog\lib-link.read.1.tlog
e:\39\39thengine\project\script\x64\debug\script.tlog\lib-link.write.1.tlog
e:\39\39thengine\project\script\x64\debug\script.tlog\lib.command.1.tlog
